<?xml version="1.0" encoding="UTF-8"?>
<!-- Generated by org.testng.reporters.JUnitXMLReporter -->
<testsuite hostname="DESKTOP-3FEPR1M" ignored="0" name="DISTEST Automation Test Framework" tests="10" failures="0" timestamp="18 Mar 2020 10:51:40 GMT" time="154.414" errors="0">
  <testcase name="Test_Case_1" time="0.024" classname="com.DISTEST.testcases.Test_Home_Page"/>
  <testcase name="Test_Case_2" time="0.014" classname="com.DISTEST.testcases.Test_Home_Page"/>
  <testcase name="Test_Case_3" time="0.16" classname="com.DISTEST.testcases.Test_Home_Page"/>
  <testcase name="Test_Case_4" time="2.323" classname="com.DISTEST.testcases.Test_Home_Page"/>
  <testcase name="Test_Case_5" time="0.007" classname="com.DISTEST.testcases.Test_Methodology_Page"/>
  <testcase name="Test_Case_6" time="0.01" classname="com.DISTEST.testcases.Test_Methodology_Page"/>
  <testcase name="Test_Case_7" time="2.208" classname="com.DISTEST.testcases.Test_Methodology_Page"/>
  <testcase name="Test_Case_8" time="0.012" classname="com.DISTEST.testcases.Test_Service_Page"/>
  <testcase name="Test_Case_9" time="0.007" classname="com.DISTEST.testcases.Test_Service_Page"/>
  <testcase name="Test_Case_10" time="2.171" classname="com.DISTEST.testcases.Test_Service_Page"/>
</testsuite> <!-- DISTEST Automation Test Framework -->
